<?xml version="1.0" encoding="utf-8"?><testsuites name="pytest tests"><testsuite name="pytest" errors="0" failures="0" skipped="0" tests="13" time="6.046" timestamp="2026-08-19T11:10:19.459779+00:00" hostname="agent-env-3023e91c-4cc2-49de-857e-6e0d688806fb"><testcase classname="tests.test_iteration3.TestBudgetExport" name="test_export_xlsx" time="1.597" /><testcase classname="tests.test_iteration3.TestTaskPrivacy" name="test_owner_sees_private_task" time="1.609" /><testcase classname="tests.test_iteration3.TestBudgetExport" name="test_export_pdf" time="0.493" /><testcase classname="tests.test_iteration3.TestTaskPrivacy" name="test_admin_sees_private_task" time="0.572" /><testcase classname="tests.test_iteration3.TestBudgetExport" name="test_export_forbidden_for_non_member" time="0.579" /><testcase classname="tests.test_iteration3.TestEmailTriggersNonBlocking" name="test_create_task_with_assignee_returns_200" time="1.321" /><testcase classname="tests.test_iteration3.TestTaskPrivacy" name="test_member_forbidden_on_private_task" time="0.645" /><testcase classname="tests.test_iteration3.TestTaskPrivacy" name="test_member_list_excludes_private_task" time="0.073" /><testcase classname="tests.test_iteration3.TestTaskPrivacy" name="test_add_visible_to_grants_access" time="0.302" /><testcase classname="tests.test_iteration3.TestTaskBudgetSummary" name="test_task_with_budget_link_returns_summary" time="0.172" /><testcase classname="tests.test_iteration3.TestTaskBudgetSummary" name="test_task_without_budget_returns_empty_summary" time="0.267" /><testcase classname="tests.test_iteration3.TestEmailTriggersNonBlocking" name="test_patch_task_add_assignee_returns_200" time="1.146" /><testcase classname="tests.test_iteration3.TestEmailTriggersNonBlocking" name="test_project_patch_add_member_returns_200" time="0.362" /></testsuite></testsuites>