<?xml version="1.0" encoding="utf-8"?><testsuites name="pytest tests"><testsuite name="pytest" errors="0" failures="0" skipped="0" tests="4" time="1.941" timestamp="2026-08-19T18:10:35.638273+00:00" hostname="agent-env-b2091383-07e5-45b1-aded-2c91fe084056"><testcase classname="tests.test_iter11" name="test_member_cannot_create_workspace" time="0.627" /><testcase classname="tests.test_iter11" name="test_owner_can_create_workspace" time="0.576" /><testcase classname="tests.test_iter11" name="test_patch_organization_owner" time="0.131" /><testcase classname="tests.test_iter11" name="test_patch_organization_member_forbidden" time="0.290" /></testsuite></testsuites>