<?xml version="1.0" encoding="utf-8"?><testsuites name="pytest tests"><testsuite name="pytest" errors="0" failures="1" skipped="0" tests="16" time="8.253" timestamp="2026-08-19T18:04:04.370073+00:00" hostname="agent-env-b2091383-07e5-45b1-aded-2c91fe084056"><testcase classname="tests.test_iteration10.TestChangePassword" name="test_wrong_current_password" time="0.987" /><testcase classname="tests.test_iteration10.TestIdeaDelete" name="test_owner_can_delete_own_idea" time="1.361" /><testcase classname="tests.test_iteration10.TestChangePassword" name="test_same_password_rejected" time="0.339" /><testcase classname="tests.test_iteration10.TestChangePassword" name="test_change_and_restore" time="2.496" /><testcase classname="tests.test_iteration10.TestIdeaDelete" name="test_delete_missing_idea_returns_404" time="0.072" /><testcase classname="tests.test_iteration10.TestIdeaDelete" name="test_member_cannot_delete_others_idea_403" time="1.424" /><testcase classname="tests.test_iteration10.TestIdeaDelete" name="test_member_can_delete_own_idea" time="0.538" /><testcase classname="tests.test_iteration10.TestTaskHierarchy" name="test_nest_and_promote" time="1.220" /><testcase classname="tests.test_iteration10.TestInAppNotifPrefs" name="test_get_has_in_app_keys" time="0.503" /><testcase classname="tests.test_iteration10.TestInAppNotifPrefs" name="test_put_persists_and_get_returns" time="0.358" /><testcase classname="tests.test_iteration10.TestTaskHierarchy" name="test_nesting_clamped_to_one_level" time="0.850" /><testcase classname="tests.test_iteration10.TestInAppNotifPrefs" name="test_in_app_assign_false_suppresses_notification" time="2.302" /><testcase classname="tests.test_iteration10.TestTaskHierarchy" name="test_patch_parent_id_null_clears" time="0.558" /><testcase classname="tests.test_iteration10.TestGanttDateAssign" name="test_patch_start_due_dates" time="0.321" /><testcase classname="tests.test_iteration10.TestWorkspaces" name="test_create_workspace_and_switch" time="0.256" /><testcase classname="tests.test_iteration10.TestWorkspaces" name="test_member_cannot_create_workspace" time="0.668"><failure message="AssertionError: expected 403, got 200 {&quot;id&quot;:&quot;ws_c259591854e44cab&quot;,&quot;org_id&quot;:&quot;org_a55c8f8712eb43c6&quot;,&quot;name&quot;:&quot;TEST_ws_forbidden&quot;,&quot;description&quot;:&quot;&quot;,&quot;created_at&quot;:&quot;2026-08-19T18:04:12.519363+00:00&quot;,&quot;created_by&quot;:&quot;user_f350d7bf8e805b77&quot;}&#10;assert 200 in (403,)&#10; +  where 200 = &lt;Response [200]&gt;.status_code">backend/tests/test_iteration10.py:224: in test_member_cannot_create_workspace
    assert r.status_code in (403,), f"expected 403, got {r.status_code} {r.text}"
E   AssertionError: expected 403, got 200 {"id":"ws_c259591854e44cab","org_id":"org_a55c8f8712eb43c6","name":"TEST_ws_forbidden","description":"","created_at":"2026-08-19T18:04:12.519363+00:00","created_by":"user_f350d7bf8e805b77"}
E   assert 200 in (403,)
E    +  where 200 = &lt;Response [200]&gt;.status_code</failure></testcase></testsuite></testsuites>