<?xml version="1.0" encoding="utf-8"?><testsuites name="pytest tests"><testsuite name="pytest" errors="0" failures="0" skipped="0" tests="17" time="2.890" timestamp="2026-08-19T10:46:25.604536+00:00" hostname="agent-env-3023e91c-4cc2-49de-857e-6e0d688806fb"><testcase classname="tests.test_iteration2.TestAccessControl" name="test_owner_sees_all_four_projects" time="0.694" /><testcase classname="tests.test_iteration2.TestBudget" name="test_festival_budget_seeded" time="1.054" /><testcase classname="tests.test_iteration2.TestAccessControl" name="test_member_does_not_see_operasyon" time="0.712" /><testcase classname="tests.test_iteration2.TestAccessControl" name="test_member_403_on_restricted_project_tasks" time="0.072" /><testcase classname="tests.test_iteration2.TestBudget" name="test_member_can_view_and_edit_festival_budget" time="0.443" /><testcase classname="tests.test_iteration2.TestAccessControl" name="test_member_403_on_restricted_project_budget" time="0.093" /><testcase classname="tests.test_iteration2.TestBudget" name="test_budget_crud_flow" time="0.391" /><testcase classname="tests.test_iteration2.TestProjectTemplates" name="test_bootstrap_exposes_templates" time="0.000" /><testcase classname="tests.test_iteration2.TestProjectTemplates" name="test_create_event_project_usd" time="0.190" /><testcase classname="tests.test_iteration2.TestProjectTemplates" name="test_create_camp_project" time="0.174" /><testcase classname="tests.test_iteration2.TestBudgetPermission" name="test_member_view_urun_but_cannot_edit" time="0.047" /><testcase classname="tests.test_iteration2.TestBudgetPermission" name="test_member_post_urun_budget_403" time="0.046" /><testcase classname="tests.test_iteration2.TestProjectSettings" name="test_owner_can_update_members_currency_policy" time="0.143" /><testcase classname="tests.test_iteration2.TestBudgetPermission" name="test_owner_can_post_urun_budget" time="0.154" /><testcase classname="tests.test_iteration2.TestProjectSettings" name="test_member_cannot_change_members_or_policy" time="0.176" /><testcase classname="tests.test_iteration2.TestRegression" name="test_dashboard_status_distribution_is_list" time="0.079" /><testcase classname="tests.test_iteration2.TestRegression" name="test_search_still_works" time="0.075" /></testsuite></testsuites>