<?xml version="1.0" encoding="utf-8"?><testsuites name="pytest tests"><testsuite name="pytest" errors="0" failures="1" skipped="0" tests="24" time="8.411" timestamp="2026-08-19T11:45:45.817853+00:00" hostname="agent-env-3023e91c-4cc2-49de-857e-6e0d688806fb"><testcase classname="tests.test_iteration4.TestAttachments" name="test_upload_attachment" time="1.069" /><testcase classname="tests.test_iteration4.TestAttachments" name="test_task_get_includes_attachments" time="0.178" /><testcase classname="tests.test_iteration4.TestAttachments" name="test_download_with_bearer" time="0.277" /><testcase classname="tests.test_iteration4.TestAttachments" name="test_download_with_auth_query" time="0.292" /><testcase classname="tests.test_iteration4.TestAttachments" name="test_download_unauth" time="0.125" /><testcase classname="tests.test_iteration4.TestAttachments" name="test_upload_too_large" time="0.844" /><testcase classname="tests.test_iteration4.TestAttachments" name="test_nonmember_cannot_download_private" time="0.459"><failure message="AssertionError: {&quot;detail&quot;:[{&quot;type&quot;:&quot;missing&quot;,&quot;loc&quot;:[&quot;body&quot;,&quot;workspace_id&quot;],&quot;msg&quot;:&quot;Field required&quot;,&quot;input&quot;:{&quot;title&quot;:&quot;TEST_priv_task_iter4&quot;,&quot;project_id&quot;:&quot;prj_8e0fe915bd2843fb&quot;,&quot;visibility&quot;:&quot;private&quot;,&quot;visible_to&quot;:[]},&quot;url&quot;:&quot;https://errors.pydantic.dev/2.13/v/missing&quot;}]}&#10;assert 422 == 200&#10; +  where 422 = &lt;Response [422]&gt;.status_code">backend/tests/test_iteration4.py:120: in test_nonmember_cannot_download_private
    assert t.status_code == 200, t.text
E   AssertionError: {"detail":[{"type":"missing","loc":["body","workspace_id"],"msg":"Field required","input":{"title":"TEST_priv_task_iter4","project_id":"prj_8e0fe915bd2843fb","visibility":"private","visible_to":[]},"url":"https://errors.pydantic.dev/2.13/v/missing"}]}
E   assert 422 == 200
E    +  where 422 = &lt;Response [422]&gt;.status_code</failure></testcase><testcase classname="tests.test_iteration4.TestAttachments" name="test_delete_attachment" time="0.225" /><testcase classname="tests.test_iteration4.TestInvite" name="test_invite_creates_user_no_token_leak" time="1.200" /><testcase classname="tests.test_iteration4.TestInvite" name="test_members_list_shows_invited" time="0.121" /><testcase classname="tests.test_iteration4.TestInvite" name="test_admin_only" time="0.486" /><testcase classname="tests.test_iteration4.TestInvite" name="test_duplicate_invite_rejected" time="0.121" /><testcase classname="tests.test_iteration4.TestInvite" name="test_fetch_invite_token_from_db" time="0.020" /><testcase classname="tests.test_iteration4.TestInvite" name="test_get_invite_by_token" time="0.104" /><testcase classname="tests.test_iteration4.TestInvite" name="test_get_invite_bad_token" time="0.129" /><testcase classname="tests.test_iteration4.TestInvite" name="test_accept_invite_and_login" time="0.729" /><testcase classname="tests.test_iteration4.TestInvite" name="test_accept_reused_token_fails" time="0.105" /><testcase classname="tests.test_iteration4.TestBudgetAlert" name="test_no_alert_under_budget" time="0.223" /><testcase classname="tests.test_iteration4.TestBudgetAlert" name="test_alert_on_crossing" time="0.434" /><testcase classname="tests.test_iteration4.TestBudgetAlert" name="test_patch_still_over_no_repeat" time="0.726" /><testcase classname="tests.test_iteration4.TestCron" name="test_missing_auth" time="0.115" /><testcase classname="tests.test_iteration4.TestCron" name="test_wrong_secret" time="0.123" /><testcase classname="tests.test_iteration4.TestCron" name="test_correct_secret" time="0.108" /><testcase classname="tests.test_iteration4.TestCron" name="test_crons_yml_exists" time="0.010" /></testsuite></testsuites>