<?xml version="1.0" encoding="utf-8"?><testsuites name="pytest tests"><testsuite name="pytest" errors="0" failures="0" skipped="0" tests="17" time="3.636" timestamp="2026-08-19T10:21:28.677263+00:00" hostname="agent-env-3023e91c-4cc2-49de-857e-6e0d688806fb"><testcase classname="tests.backend_test.TestAuth" name="test_login_success" time="0.668" /><testcase classname="tests.backend_test.TestAuth" name="test_login_wrong_password" time="0.200" /><testcase classname="tests.backend_test.TestTasks" name="test_list_tasks" time="0.837" /><testcase classname="tests.backend_test.TestTasks" name="test_task_crud" time="0.742" /><testcase classname="tests.backend_test.TestAuth" name="test_me_with_bearer" time="0.422" /><testcase classname="tests.backend_test.TestAuth" name="test_me_without_auth" time="0.128" /><testcase classname="tests.backend_test.TestAuth" name="test_member_login" time="0.429" /><testcase classname="tests.backend_test.TestTasks" name="test_bulk_update" time="0.924" /><testcase classname="tests.backend_test.TestMembers" name="test_list_members" time="0.051" /><testcase classname="tests.backend_test.TestMembers" name="test_invite_forbidden_for_member" time="0.433" /><testcase classname="tests.backend_test.TestBootstrap" name="test_bootstrap_shape" time="0.044" /><testcase classname="tests.backend_test.TestDashboard" name="test_dashboard" time="0.049" /><testcase classname="tests.backend_test.TestNotifications" name="test_list_and_read_all" time="0.126" /><testcase classname="tests.backend_test.TestIdeas" name="test_list_ideas" time="0.071" /><testcase classname="tests.backend_test.TestSearch" name="test_search_kanban" time="0.044" /><testcase classname="tests.backend_test.TestIdeas" name="test_idea_vote_toggle" time="0.204" /><testcase classname="tests.backend_test.TestIdeas" name="test_idea_create_and_convert" time="0.208" /></testsuite></testsuites>